2023-10-24 10:30:01,327 INFO     Last successful update saved: 2009-12-31T00:00:00
2023-10-24 10:30:01,327 INFO     Time range: 2010-01-01 00:00:00+00:00 to 2023-10-24 00:00:00+00:00
2023-10-24 10:30:01,327 INFO     
Yahoo period1 = 1262304000 corresponds to date 2010-01-01 00:00:00+00:00
2023-10-24 10:30:01,327 INFO     
Yahoo period2 = 1698105600 corresponds to date 2023-10-24 00:00:00+00:00
2023-10-24 10:30:01,364 INFO     
Attempting download historical prices for symbol 'CWK' from https://query1.finance.yahoo.com/v7/finance/download/CWK?period1=1262304000&period2=1698105600&interval=1d&events=history&includeAdjustedClose=true
2023-10-24 10:30:01,578 INFO     
Attempting download historical prices for symbol 'CWT' from https://query1.finance.yahoo.com/v7/finance/download/CWT?period1=1262304000&period2=1698105600&interval=1d&events=history&includeAdjustedClose=true
2023-10-24 10:30:01,926 INFO     
Attempting download historical prices for symbol 'CXM' from https://query1.finance.yahoo.com/v7/finance/download/CXM?period1=1262304000&period2=1698105600&interval=1d&events=history&includeAdjustedClose=true
2023-10-24 10:30:02,106 INFO     
Attempting download historical prices for symbol 'CXW' from https://query1.finance.yahoo.com/v7/finance/download/CXW?period1=1262304000&period2=1698105600&interval=1d&events=history&includeAdjustedClose=true
2023-10-24 10:30:02,543 INFO     
Attempting download historical prices for symbol 'CYD' from https://query1.finance.yahoo.com/v7/finance/download/CYD?period1=1262304000&period2=1698105600&interval=1d&events=history&includeAdjustedClose=true
2023-10-24 10:30:02,865 INFO     
Attempting download historical prices for symbol 'CYH' from https://query1.finance.yahoo.com/v7/finance/download/CYH?period1=1262304000&period2=1698105600&interval=1d&events=history&includeAdjustedClose=true
2023-10-24 10:30:03,103 INFO     
Attempting download historical prices for symbol 'D' from https://query1.finance.yahoo.com/v7/finance/download/D?period1=1262304000&period2=1698105600&interval=1d&events=history&includeAdjustedClose=true
2023-10-24 10:30:03,441 INFO     
Attempting download historical prices for symbol 'DAC' from https://query1.finance.yahoo.com/v7/finance/download/DAC?period1=1262304000&period2=1698105600&interval=1d&events=history&includeAdjustedClose=true
2023-10-24 10:30:03,765 INFO     
Attempting download historical prices for symbol 'DAN' from https://query1.finance.yahoo.com/v7/finance/download/DAN?period1=1262304000&period2=1698105600&interval=1d&events=history&includeAdjustedClose=true
2023-10-24 10:30:03,972 INFO     
Attempting download historical prices for symbol 'DM' from https://query1.finance.yahoo.com/v7/finance/download/DM?period1=1262304000&period2=1698105600&interval=1d&events=history&includeAdjustedClose=true
2023-10-24 10:30:04,175 INFO     
Attempting download historical prices for symbol 'ELF' from https://query1.finance.yahoo.com/v7/finance/download/ELF?period1=1262304000&period2=1698105600&interval=1d&events=history&includeAdjustedClose=true
2023-10-24 10:30:04,424 INFO     
Attempting download historical prices for symbol 'EVRI' from https://query1.finance.yahoo.com/v7/finance/download/EVRI?period1=1262304000&period2=1698105600&interval=1d&events=history&includeAdjustedClose=true
2023-10-24 10:30:04,728 INFO     
Attempting download historical prices for symbol 'EW' from https://query1.finance.yahoo.com/v7/finance/download/EW?period1=1262304000&period2=1698105600&interval=1d&events=history&includeAdjustedClose=true
2023-10-24 10:30:05,047 INFO     
Attempting download historical prices for symbol 'FCX' from https://query1.finance.yahoo.com/v7/finance/download/FCX?period1=1262304000&period2=1698105600&interval=1d&events=history&includeAdjustedClose=true
2023-10-24 10:30:05,360 INFO     
Attempting download historical prices for symbol 'FDP' from https://query1.finance.yahoo.com/v7/finance/download/FDP?period1=1262304000&period2=1698105600&interval=1d&events=history&includeAdjustedClose=true
2023-10-24 10:30:05,805 INFO     
Attempting download historical prices for symbol 'FL' from https://query1.finance.yahoo.com/v7/finance/download/FL?period1=1262304000&period2=1698105600&interval=1d&events=history&includeAdjustedClose=true
2023-10-24 10:30:06,159 INFO     
Attempting download historical prices for symbol 'FLNG' from https://query1.finance.yahoo.com/v7/finance/download/FLNG?period1=1262304000&period2=1698105600&interval=1d&events=history&includeAdjustedClose=true
2023-10-24 10:30:06,442 INFO     
Attempting download historical prices for symbol 'FLO' from https://query1.finance.yahoo.com/v7/finance/download/FLO?period1=1262304000&period2=1698105600&interval=1d&events=history&includeAdjustedClose=true
2023-10-24 10:30:06,794 INFO     
Attempting download historical prices for symbol 'HAYW' from https://query1.finance.yahoo.com/v7/finance/download/HAYW?period1=1262304000&period2=1698105600&interval=1d&events=history&includeAdjustedClose=true
2023-10-24 10:30:06,975 INFO     
Attempting download historical prices for symbol 'HIG' from https://query1.finance.yahoo.com/v7/finance/download/HIG?period1=1262304000&period2=1698105600&interval=1d&events=history&includeAdjustedClose=true
2023-10-24 10:30:07,274 INFO     
Attempting download historical prices for symbol 'HMN' from https://query1.finance.yahoo.com/v7/finance/download/HMN?period1=1262304000&period2=1698105600&interval=1d&events=history&includeAdjustedClose=true
2023-10-24 10:30:07,616 INFO     
Attempting download historical prices for symbol 'HP' from https://query1.finance.yahoo.com/v7/finance/download/HP?period1=1262304000&period2=1698105600&interval=1d&events=history&includeAdjustedClose=true
2023-10-24 10:30:07,883 INFO     
Attempting download historical prices for symbol 'HTH' from https://query1.finance.yahoo.com/v7/finance/download/HTH?period1=1262304000&period2=1698105600&interval=1d&events=history&includeAdjustedClose=true
2023-10-24 10:30:08,204 INFO     
Attempting download historical prices for symbol 'KEY' from https://query1.finance.yahoo.com/v7/finance/download/KEY?period1=1262304000&period2=1698105600&interval=1d&events=history&includeAdjustedClose=true
2023-10-24 10:30:08,505 INFO     
Attempting download historical prices for symbol 'LCII' from https://query1.finance.yahoo.com/v7/finance/download/LCII?period1=1262304000&period2=1698105600&interval=1d&events=history&includeAdjustedClose=true
2023-10-24 10:30:08,835 INFO     
Attempting download historical prices for symbol 'NABL' from https://query1.finance.yahoo.com/v7/finance/download/NABL?period1=1262304000&period2=1698105600&interval=1d&events=history&includeAdjustedClose=true
2023-10-24 10:30:09,623 INFO     
Attempting download historical prices for symbol 'NTB' from https://query1.finance.yahoo.com/v7/finance/download/NTB?period1=1262304000&period2=1698105600&interval=1d&events=history&includeAdjustedClose=true
2023-10-24 10:30:09,877 INFO     
Attempting download historical prices for symbol 'OC' from https://query1.finance.yahoo.com/v7/finance/download/OC?period1=1262304000&period2=1698105600&interval=1d&events=history&includeAdjustedClose=true
2023-10-24 10:30:10,074 INFO     
Attempting download historical prices for symbol 'PR' from https://query1.finance.yahoo.com/v7/finance/download/PR?period1=1262304000&period2=1698105600&interval=1d&events=history&includeAdjustedClose=true
2023-10-24 10:30:10,303 INFO     
Attempting download historical prices for symbol 'RRC' from https://query1.finance.yahoo.com/v7/finance/download/RRC?period1=1262304000&period2=1698105600&interval=1d&events=history&includeAdjustedClose=true
2023-10-24 10:30:10,626 INFO     
Attempting download historical prices for symbol 'RYAM' from https://query1.finance.yahoo.com/v7/finance/download/RYAM?period1=1262304000&period2=1698105600&interval=1d&events=history&includeAdjustedClose=true
2023-10-24 10:30:10,797 INFO     
Attempting download historical prices for symbol 'SITE' from https://query1.finance.yahoo.com/v7/finance/download/SITE?period1=1262304000&period2=1698105600&interval=1d&events=history&includeAdjustedClose=true
2023-10-24 10:30:11,049 INFO     
Attempting download historical prices for symbol 'STRS' from https://query1.finance.yahoo.com/v7/finance/download/STRS?period1=1262304000&period2=1698105600&interval=1d&events=history&includeAdjustedClose=true
2023-10-24 10:30:11,303 INFO     
Joining all columns of the downloaded securities into a single dataframe
2023-10-24 10:30:11,400 INFO     Before dropping empty rows, rowcount = 5045
2023-10-24 10:30:11,402 INFO     After dropping empty rows, rowcount = 3475
2023-10-24 10:30:11,402 INFO     
Saving joined dataframe to file: output/database_20231024_143001_33.csv
2023-10-24 10:30:11,487 INFO     
Awaiting another run against the Yahoo! Finance
2023-10-24 10:30:11,487 INFO     
Process ended for this run
